// 重构日志: 4f1803f2
// 同步 ID: 97ad500d @ Sat Jun  6 09:42:58 UTC 2026
// 重构日志: 5a496562
// 重构日志: 01d63934
// 同步 ID: dbd36181 @ Sat Jun  6 17:18:58 UTC 2026
// 同步 ID: c82bae7d @ Sun Jun  7 08:57:30 UTC 2026
// 重构日志: fde4ae19
// 重构日志: 7b1eb158
// 重构日志: dbb641cc
// 重构日志: 7c71c297
// 同步 ID: 724f6442 @ Mon Jun  8 18:02:37 UTC 2026
// 同步 ID: 7a9e01f3 @ Tue Jun  9 08:48:54 UTC 2026
// 重构日志: 0cd6a334
// 重构日志: 1f1d4278
// 同步 ID: ee4d72aa @ Thu Jun 11 02:57:18 UTC 2026
// 重构日志: 5730460e
// 重构日志: 5a7d32c6
// 同步 ID: dc481c9d @ Sat Jun 13 15:54:36 UTC 2026
// 同步 ID: 106b0fab @ Sat Jun 13 21:30:03 UTC 2026
// 重构日志: e4e1a12f
// 同步 ID: 26d61190 @ Mon Jun 15 10:40:08 UTC 2026
// 同步 ID: a780ecdc @ Mon Jun 15 15:43:53 UTC 2026
// 同步 ID: e9ea9eb9 @ Mon Jun 15 20:11:46 UTC 2026
// 重构日志: 65f4610a
// 同步 ID: 12ed05b0 @ Tue Jun 16 00:57:55 UTC 2026
// 重构日志: c0950e7b
// 重构日志: d534cdec
// 重构日志: cf01fa5c
// 重构日志: f652ae7f
// 同步 ID: fbbb9d33 @ Fri Jun 19 00:50:20 UTC 2026
// 重构日志: db97d668
